<?xml version="1.0" encoding="UTF-8"?>
<robot generator="Robot 4.0 (Python 3.9.1 on win32)" generated="20210401 19:06:25.092" rpa="false" schemaversion="2">
<suite id="s1" name="Simular Seguro Invalido" source="C:\projetoAltan\tests\simular_seguro_invalido.robot">
<test id="s1-t1" name="Seguro é invalido 1">
<kw name="Go to Simulador" library="hooks" type="SETUP">
<kw name="Start Session" library="hooks">
<kw name="Open Browser" library="SeleniumLibrary">
<arg>about:blank</arg>
<arg>${BROWSER}</arg>
<doc>Opens a new browser instance to the optional ``url``.</doc>
<msg timestamp="20210401 19:06:25.265" level="INFO">Opening browser 'chrome' to base url 'about:blank'.</msg>
<status status="PASS" starttime="20210401 19:06:25.265" endtime="20210401 19:06:26.411"/>
</kw>
<kw name="Set Window Size" library="SeleniumLibrary">
<arg>${BROWSER_WIDTH}</arg>
<arg>${BROWSER_HEIGHT}</arg>
<doc>Sets current windows size to given ``width`` and ``height``.</doc>
<status status="PASS" starttime="20210401 19:06:26.411" endtime="20210401 19:06:26.522"/>
</kw>
<status status="PASS" starttime="20210401 19:06:25.264" endtime="20210401 19:06:26.522"/>
</kw>
<kw name="Go To" library="SeleniumLibrary">
<arg>${BASE_URL}</arg>
<doc>Navigates the current browser window to the provided ``url``.</doc>
<msg timestamp="20210401 19:06:26.522" level="INFO">Opening url 'https://www.fidelidade.pt/PT/particulares/Auto/Simuladores/Automovel/Paginas/default.aspx'</msg>
<status status="PASS" starttime="20210401 19:06:26.522" endtime="20210401 19:06:47.239"/>
</kw>
<status status="PASS" starttime="20210401 19:06:25.264" endtime="20210401 19:06:47.239"/>
</kw>
<kw name="Validar Campos" library="simuladoresPage">
<arg>ZZ-AA-00</arg>
<kw name="Dado que acesso a pagina de Simulaçao de seguro" library="simuladoresPage">
<kw name="Wait for dialog" library="simuladoresPage">
<kw name="Wait Until Element Is Not Visible" library="SeleniumLibrary">
<arg>${loading_dialog}</arg>
<arg>${LONGTIMEOUT}</arg>
<doc>Waits until the element ``locator`` is not visible.</doc>
<status status="PASS" starttime="20210401 19:06:47.241" endtime="20210401 19:06:47.252"/>
</kw>
<status status="PASS" starttime="20210401 19:06:47.241" endtime="20210401 19:06:47.252"/>
</kw>
<kw name="Switch to iframe" library="base">
<kw name="Select Frame" library="SeleniumLibrary">
<arg>${FRAME}</arg>
<doc>Sets frame identified by ``locator`` as the current frame.</doc>
<msg timestamp="20210401 19:06:47.253" level="INFO">Selecting frame 'css:iframe#Simulator'.</msg>
<status status="PASS" starttime="20210401 19:06:47.253" endtime="20210401 19:06:47.279"/>
</kw>
<status status="PASS" starttime="20210401 19:06:47.252" endtime="20210401 19:06:47.279"/>
</kw>
<status status="PASS" starttime="20210401 19:06:47.240" endtime="20210401 19:06:47.279"/>
</kw>
<kw name="E tenho a informacao do seguro:" library="simuladoresPage">
<arg>${data}</arg>
<kw name="Set Test Variable" library="BuiltIn">
<arg>${data_simulate}</arg>
<doc>Makes a variable available everywhere within the scope of the current test.</doc>
<msg timestamp="20210401 19:06:47.280" level="INFO">${data_simulate} = ZZ-AA-00</msg>
<status status="PASS" starttime="20210401 19:06:47.280" endtime="20210401 19:06:47.280"/>
</kw>
<status status="PASS" starttime="20210401 19:06:47.279" endtime="20210401 19:06:47.280"/>
</kw>
<kw name="Quando preencho as informaçoes" library="simuladoresPage">
<kw name="Wait Until Element Is Visible" library="SeleniumLibrary">
<arg>${license_text}</arg>
<arg>${LONGTIMEOUT}</arg>
<doc>Waits until the element ``locator`` is visible.</doc>
<status status="PASS" starttime="20210401 19:06:47.280" endtime="20210401 19:06:47.301"/>
</kw>
<kw name="Input Text" library="SeleniumLibrary">
<arg>${license_text}</arg>
<arg>${data_simulate}</arg>
<doc>Types the given ``text`` into the text field identified by ``locator``.</doc>
<msg timestamp="20210401 19:06:47.301" level="INFO">Typing text 'ZZ-AA-00' into text field 'xpath://div[@class="LicenseContainer OSInline"]//input'.</msg>
<status status="PASS" starttime="20210401 19:06:47.301" endtime="20210401 19:06:47.379"/>
</kw>
<kw name="Press Keys" library="SeleniumLibrary">
<arg>${simulate_button}</arg>
<arg>Tab</arg>
<doc>Simulates the user pressing key(s) to an element or on the active browser.</doc>
<msg timestamp="20210401 19:06:47.379" level="INFO">Sending key(s) ('Tab',) to css:input[class*=NextButton] element.</msg>
<msg timestamp="20210401 19:06:47.686" level="INFO">Sending keys Tab</msg>
<status status="PASS" starttime="20210401 19:06:47.379" endtime="20210401 19:06:47.693"/>
</kw>
<kw name="Wait for loading icon to disappears" library="simuladoresPage">
<kw name="Wait Until Element Is Not Visible" library="SeleniumLibrary">
<arg>${loading_icon}</arg>
<doc>Waits until the element ``locator`` is not visible.</doc>
<status status="PASS" starttime="20210401 19:06:47.694" endtime="20210401 19:06:47.702"/>
</kw>
<status status="PASS" starttime="20210401 19:06:47.693" endtime="20210401 19:06:47.702"/>
</kw>
<status status="PASS" starttime="20210401 19:06:47.280" endtime="20210401 19:06:47.702"/>
</kw>
<kw name="Entao verifico se o botao Seguinte esta desabilitado" library="simuladoresPage">
<kw name="E verifico se o botao Seguinte esta desabilitado" library="simuladoresPage">
<kw name="Check if button is disabled" library="simuladoresPage">
<kw name="Wait Until Element Is Visible" library="SeleniumLibrary">
<arg>${disabled_button}</arg>
<arg>${TIMEOUT}</arg>
<doc>Waits until the element ``locator`` is visible.</doc>
<status status="PASS" starttime="20210401 19:06:47.703" endtime="20210401 19:06:47.722"/>
</kw>
<kw name="Get Element Attribute" library="SeleniumLibrary">
<var>${buttonDisabled}</var>
<arg>${disabled_button}</arg>
<arg>disabled</arg>
<doc>Returns the value of ``attribute`` from the element ``locator``.</doc>
<msg timestamp="20210401 19:06:47.732" level="INFO">${buttonDisabled} = true</msg>
<status status="PASS" starttime="20210401 19:06:47.722" endtime="20210401 19:06:47.732"/>
</kw>
<kw name="Log" library="BuiltIn">
<arg>${buttonDisabled}</arg>
<doc>Logs the given message with the given level.</doc>
<msg timestamp="20210401 19:06:47.733" level="INFO">true</msg>
<status status="PASS" starttime="20210401 19:06:47.733" endtime="20210401 19:06:47.733"/>
</kw>
<kw name="Should Be Equal" library="BuiltIn">
<arg>${buttonDisabled}</arg>
<arg>true</arg>
<doc>Fails if the given objects are unequal.</doc>
<status status="PASS" starttime="20210401 19:06:47.733" endtime="20210401 19:06:47.733"/>
</kw>
<status status="PASS" starttime="20210401 19:06:47.702" endtime="20210401 19:06:47.733"/>
</kw>
<status status="PASS" starttime="20210401 19:06:47.702" endtime="20210401 19:06:47.733"/>
</kw>
<status status="PASS" starttime="20210401 19:06:47.702" endtime="20210401 19:06:47.733"/>
</kw>
<status status="PASS" starttime="20210401 19:06:47.240" endtime="20210401 19:06:47.733"/>
</kw>
<kw name="Finish Session" library="hooks" type="TEARDOWN">
<kw name="Capture Page Screenshot" library="SeleniumLibrary">
<doc>Takes a screenshot of the current page and embeds it into a log file.</doc>
<msg timestamp="20210401 19:06:48.065" level="INFO" html="true">&lt;/td&gt;&lt;/tr&gt;&lt;tr&gt;&lt;td colspan="3"&gt;&lt;a href="selenium-screenshot-103.png"&gt;&lt;img src="selenium-screenshot-103.png" width="800px"&gt;&lt;/a&gt;</msg>
<status status="PASS" starttime="20210401 19:06:47.734" endtime="20210401 19:06:48.065"/>
</kw>
<kw name="Close Browser" library="SeleniumLibrary">
<doc>Closes the current browser.</doc>
<status status="PASS" starttime="20210401 19:06:48.065" endtime="20210401 19:06:50.191"/>
</kw>
<status status="PASS" starttime="20210401 19:06:47.734" endtime="20210401 19:06:50.191"/>
</kw>
<tag>invalid</tag>
<status status="PASS" starttime="20210401 19:06:25.263" endtime="20210401 19:06:50.192"/>
</test>
<test id="s1-t2" name="Seguro é invalido 2">
<kw name="Go to Simulador" library="hooks" type="SETUP">
<kw name="Start Session" library="hooks">
<kw name="Open Browser" library="SeleniumLibrary">
<arg>about:blank</arg>
<arg>${BROWSER}</arg>
<doc>Opens a new browser instance to the optional ``url``.</doc>
<msg timestamp="20210401 19:06:50.195" level="INFO">Opening browser 'chrome' to base url 'about:blank'.</msg>
<status status="PASS" starttime="20210401 19:06:50.195" endtime="20210401 19:06:51.304"/>
</kw>
<kw name="Set Window Size" library="SeleniumLibrary">
<arg>${BROWSER_WIDTH}</arg>
<arg>${BROWSER_HEIGHT}</arg>
<doc>Sets current windows size to given ``width`` and ``height``.</doc>
<status status="PASS" starttime="20210401 19:06:51.305" endtime="20210401 19:06:51.416"/>
</kw>
<status status="PASS" starttime="20210401 19:06:50.194" endtime="20210401 19:06:51.416"/>
</kw>
<kw name="Go To" library="SeleniumLibrary">
<arg>${BASE_URL}</arg>
<doc>Navigates the current browser window to the provided ``url``.</doc>
<msg timestamp="20210401 19:06:51.416" level="INFO">Opening url 'https://www.fidelidade.pt/PT/particulares/Auto/Simuladores/Automovel/Paginas/default.aspx'</msg>
<status status="PASS" starttime="20210401 19:06:51.416" endtime="20210401 19:07:10.040"/>
</kw>
<status status="PASS" starttime="20210401 19:06:50.194" endtime="20210401 19:07:10.041"/>
</kw>
<kw name="Validar Campos" library="simuladoresPage">
<arg>111111</arg>
<kw name="Dado que acesso a pagina de Simulaçao de seguro" library="simuladoresPage">
<kw name="Wait for dialog" library="simuladoresPage">
<kw name="Wait Until Element Is Not Visible" library="SeleniumLibrary">
<arg>${loading_dialog}</arg>
<arg>${LONGTIMEOUT}</arg>
<doc>Waits until the element ``locator`` is not visible.</doc>
<status status="PASS" starttime="20210401 19:07:10.042" endtime="20210401 19:07:10.051"/>
</kw>
<status status="PASS" starttime="20210401 19:07:10.042" endtime="20210401 19:07:10.051"/>
</kw>
<kw name="Switch to iframe" library="base">
<kw name="Select Frame" library="SeleniumLibrary">
<arg>${FRAME}</arg>
<doc>Sets frame identified by ``locator`` as the current frame.</doc>
<msg timestamp="20210401 19:07:10.052" level="INFO">Selecting frame 'css:iframe#Simulator'.</msg>
<status status="PASS" starttime="20210401 19:07:10.052" endtime="20210401 19:07:10.076"/>
</kw>
<status status="PASS" starttime="20210401 19:07:10.051" endtime="20210401 19:07:10.076"/>
</kw>
<status status="PASS" starttime="20210401 19:07:10.041" endtime="20210401 19:07:10.076"/>
</kw>
<kw name="E tenho a informacao do seguro:" library="simuladoresPage">
<arg>${data}</arg>
<kw name="Set Test Variable" library="BuiltIn">
<arg>${data_simulate}</arg>
<doc>Makes a variable available everywhere within the scope of the current test.</doc>
<msg timestamp="20210401 19:07:10.077" level="INFO">${data_simulate} = 111111</msg>
<status status="PASS" starttime="20210401 19:07:10.077" endtime="20210401 19:07:10.077"/>
</kw>
<status status="PASS" starttime="20210401 19:07:10.076" endtime="20210401 19:07:10.077"/>
</kw>
<kw name="Quando preencho as informaçoes" library="simuladoresPage">
<kw name="Wait Until Element Is Visible" library="SeleniumLibrary">
<arg>${license_text}</arg>
<arg>${LONGTIMEOUT}</arg>
<doc>Waits until the element ``locator`` is visible.</doc>
<status status="PASS" starttime="20210401 19:07:10.078" endtime="20210401 19:07:10.099"/>
</kw>
<kw name="Input Text" library="SeleniumLibrary">
<arg>${license_text}</arg>
<arg>${data_simulate}</arg>
<doc>Types the given ``text`` into the text field identified by ``locator``.</doc>
<msg timestamp="20210401 19:07:10.100" level="INFO">Typing text '111111' into text field 'xpath://div[@class="LicenseContainer OSInline"]//input'.</msg>
<status status="PASS" starttime="20210401 19:07:10.099" endtime="20210401 19:07:10.173"/>
</kw>
<kw name="Press Keys" library="SeleniumLibrary">
<arg>${simulate_button}</arg>
<arg>Tab</arg>
<doc>Simulates the user pressing key(s) to an element or on the active browser.</doc>
<msg timestamp="20210401 19:07:10.174" level="INFO">Sending key(s) ('Tab',) to css:input[class*=NextButton] element.</msg>
<msg timestamp="20210401 19:07:10.481" level="INFO">Sending keys Tab</msg>
<status status="PASS" starttime="20210401 19:07:10.173" endtime="20210401 19:07:10.489"/>
</kw>
<kw name="Wait for loading icon to disappears" library="simuladoresPage">
<kw name="Wait Until Element Is Not Visible" library="SeleniumLibrary">
<arg>${loading_icon}</arg>
<doc>Waits until the element ``locator`` is not visible.</doc>
<status status="PASS" starttime="20210401 19:07:10.490" endtime="20210401 19:07:10.498"/>
</kw>
<status status="PASS" starttime="20210401 19:07:10.489" endtime="20210401 19:07:10.498"/>
</kw>
<status status="PASS" starttime="20210401 19:07:10.077" endtime="20210401 19:07:10.498"/>
</kw>
<kw name="Entao verifico se o botao Seguinte esta desabilitado" library="simuladoresPage">
<kw name="E verifico se o botao Seguinte esta desabilitado" library="simuladoresPage">
<kw name="Check if button is disabled" library="simuladoresPage">
<kw name="Wait Until Element Is Visible" library="SeleniumLibrary">
<arg>${disabled_button}</arg>
<arg>${TIMEOUT}</arg>
<doc>Waits until the element ``locator`` is visible.</doc>
<status status="PASS" starttime="20210401 19:07:10.499" endtime="20210401 19:07:10.518"/>
</kw>
<kw name="Get Element Attribute" library="SeleniumLibrary">
<var>${buttonDisabled}</var>
<arg>${disabled_button}</arg>
<arg>disabled</arg>
<doc>Returns the value of ``attribute`` from the element ``locator``.</doc>
<msg timestamp="20210401 19:07:10.528" level="INFO">${buttonDisabled} = true</msg>
<status status="PASS" starttime="20210401 19:07:10.518" endtime="20210401 19:07:10.528"/>
</kw>
<kw name="Log" library="BuiltIn">
<arg>${buttonDisabled}</arg>
<doc>Logs the given message with the given level.</doc>
<msg timestamp="20210401 19:07:10.528" level="INFO">true</msg>
<status status="PASS" starttime="20210401 19:07:10.528" endtime="20210401 19:07:10.528"/>
</kw>
<kw name="Should Be Equal" library="BuiltIn">
<arg>${buttonDisabled}</arg>
<arg>true</arg>
<doc>Fails if the given objects are unequal.</doc>
<status status="PASS" starttime="20210401 19:07:10.528" endtime="20210401 19:07:10.529"/>
</kw>
<status status="PASS" starttime="20210401 19:07:10.498" endtime="20210401 19:07:10.529"/>
</kw>
<status status="PASS" starttime="20210401 19:07:10.498" endtime="20210401 19:07:10.529"/>
</kw>
<status status="PASS" starttime="20210401 19:07:10.498" endtime="20210401 19:07:10.529"/>
</kw>
<status status="PASS" starttime="20210401 19:07:10.041" endtime="20210401 19:07:10.529"/>
</kw>
<kw name="Finish Session" library="hooks" type="TEARDOWN">
<kw name="Capture Page Screenshot" library="SeleniumLibrary">
<doc>Takes a screenshot of the current page and embeds it into a log file.</doc>
<msg timestamp="20210401 19:07:10.852" level="INFO" html="true">&lt;/td&gt;&lt;/tr&gt;&lt;tr&gt;&lt;td colspan="3"&gt;&lt;a href="selenium-screenshot-104.png"&gt;&lt;img src="selenium-screenshot-104.png" width="800px"&gt;&lt;/a&gt;</msg>
<status status="PASS" starttime="20210401 19:07:10.530" endtime="20210401 19:07:10.853"/>
</kw>
<kw name="Close Browser" library="SeleniumLibrary">
<doc>Closes the current browser.</doc>
<status status="PASS" starttime="20210401 19:07:10.853" endtime="20210401 19:07:12.966"/>
</kw>
<status status="PASS" starttime="20210401 19:07:10.530" endtime="20210401 19:07:12.966"/>
</kw>
<tag>invalid</tag>
<status status="PASS" starttime="20210401 19:06:50.194" endtime="20210401 19:07:12.967"/>
</test>
<test id="s1-t3" name="Seguro é invalido 3">
<kw name="Go to Simulador" library="hooks" type="SETUP">
<kw name="Start Session" library="hooks">
<kw name="Open Browser" library="SeleniumLibrary">
<arg>about:blank</arg>
<arg>${BROWSER}</arg>
<doc>Opens a new browser instance to the optional ``url``.</doc>
<msg timestamp="20210401 19:07:12.969" level="INFO">Opening browser 'chrome' to base url 'about:blank'.</msg>
<status status="PASS" starttime="20210401 19:07:12.969" endtime="20210401 19:07:14.099"/>
</kw>
<kw name="Set Window Size" library="SeleniumLibrary">
<arg>${BROWSER_WIDTH}</arg>
<arg>${BROWSER_HEIGHT}</arg>
<doc>Sets current windows size to given ``width`` and ``height``.</doc>
<status status="PASS" starttime="20210401 19:07:14.099" endtime="20210401 19:07:14.207"/>
</kw>
<status status="PASS" starttime="20210401 19:07:12.969" endtime="20210401 19:07:14.207"/>
</kw>
<kw name="Go To" library="SeleniumLibrary">
<arg>${BASE_URL}</arg>
<doc>Navigates the current browser window to the provided ``url``.</doc>
<msg timestamp="20210401 19:07:14.207" level="INFO">Opening url 'https://www.fidelidade.pt/PT/particulares/Auto/Simuladores/Automovel/Paginas/default.aspx'</msg>
<status status="PASS" starttime="20210401 19:07:14.207" endtime="20210401 19:07:30.760"/>
</kw>
<status status="PASS" starttime="20210401 19:07:12.969" endtime="20210401 19:07:30.760"/>
</kw>
<kw name="Validar Campos" library="simuladoresPage">
<arg>^&amp;*%^^</arg>
<kw name="Dado que acesso a pagina de Simulaçao de seguro" library="simuladoresPage">
<kw name="Wait for dialog" library="simuladoresPage">
<kw name="Wait Until Element Is Not Visible" library="SeleniumLibrary">
<arg>${loading_dialog}</arg>
<arg>${LONGTIMEOUT}</arg>
<doc>Waits until the element ``locator`` is not visible.</doc>
<status status="PASS" starttime="20210401 19:07:30.761" endtime="20210401 19:07:30.770"/>
</kw>
<status status="PASS" starttime="20210401 19:07:30.761" endtime="20210401 19:07:30.771"/>
</kw>
<kw name="Switch to iframe" library="base">
<kw name="Select Frame" library="SeleniumLibrary">
<arg>${FRAME}</arg>
<doc>Sets frame identified by ``locator`` as the current frame.</doc>
<msg timestamp="20210401 19:07:30.771" level="INFO">Selecting frame 'css:iframe#Simulator'.</msg>
<status status="PASS" starttime="20210401 19:07:30.771" endtime="20210401 19:07:30.795"/>
</kw>
<status status="PASS" starttime="20210401 19:07:30.771" endtime="20210401 19:07:30.795"/>
</kw>
<status status="PASS" starttime="20210401 19:07:30.761" endtime="20210401 19:07:30.795"/>
</kw>
<kw name="E tenho a informacao do seguro:" library="simuladoresPage">
<arg>${data}</arg>
<kw name="Set Test Variable" library="BuiltIn">
<arg>${data_simulate}</arg>
<doc>Makes a variable available everywhere within the scope of the current test.</doc>
<msg timestamp="20210401 19:07:30.796" level="INFO">${data_simulate} = ^&amp;*%^^</msg>
<status status="PASS" starttime="20210401 19:07:30.795" endtime="20210401 19:07:30.796"/>
</kw>
<status status="PASS" starttime="20210401 19:07:30.795" endtime="20210401 19:07:30.796"/>
</kw>
<kw name="Quando preencho as informaçoes" library="simuladoresPage">
<kw name="Wait Until Element Is Visible" library="SeleniumLibrary">
<arg>${license_text}</arg>
<arg>${LONGTIMEOUT}</arg>
<doc>Waits until the element ``locator`` is visible.</doc>
<status status="PASS" starttime="20210401 19:07:30.796" endtime="20210401 19:07:30.818"/>
</kw>
<kw name="Input Text" library="SeleniumLibrary">
<arg>${license_text}</arg>
<arg>${data_simulate}</arg>
<doc>Types the given ``text`` into the text field identified by ``locator``.</doc>
<msg timestamp="20210401 19:07:30.818" level="INFO">Typing text '^&amp;*%^^' into text field 'xpath://div[@class="LicenseContainer OSInline"]//input'.</msg>
<status status="PASS" starttime="20210401 19:07:30.818" endtime="20210401 19:07:30.883"/>
</kw>
<kw name="Press Keys" library="SeleniumLibrary">
<arg>${simulate_button}</arg>
<arg>Tab</arg>
<doc>Simulates the user pressing key(s) to an element or on the active browser.</doc>
<msg timestamp="20210401 19:07:30.884" level="INFO">Sending key(s) ('Tab',) to css:input[class*=NextButton] element.</msg>
<msg timestamp="20210401 19:07:31.182" level="INFO">Sending keys Tab</msg>
<status status="PASS" starttime="20210401 19:07:30.883" endtime="20210401 19:07:31.186"/>
</kw>
<kw name="Wait for loading icon to disappears" library="simuladoresPage">
<kw name="Wait Until Element Is Not Visible" library="SeleniumLibrary">
<arg>${loading_icon}</arg>
<doc>Waits until the element ``locator`` is not visible.</doc>
<status status="PASS" starttime="20210401 19:07:31.187" endtime="20210401 19:07:31.195"/>
</kw>
<status status="PASS" starttime="20210401 19:07:31.186" endtime="20210401 19:07:31.196"/>
</kw>
<status status="PASS" starttime="20210401 19:07:30.796" endtime="20210401 19:07:31.196"/>
</kw>
<kw name="Entao verifico se o botao Seguinte esta desabilitado" library="simuladoresPage">
<kw name="E verifico se o botao Seguinte esta desabilitado" library="simuladoresPage">
<kw name="Check if button is disabled" library="simuladoresPage">
<kw name="Wait Until Element Is Visible" library="SeleniumLibrary">
<arg>${disabled_button}</arg>
<arg>${TIMEOUT}</arg>
<doc>Waits until the element ``locator`` is visible.</doc>
<status status="PASS" starttime="20210401 19:07:31.197" endtime="20210401 19:07:31.214"/>
</kw>
<kw name="Get Element Attribute" library="SeleniumLibrary">
<var>${buttonDisabled}</var>
<arg>${disabled_button}</arg>
<arg>disabled</arg>
<doc>Returns the value of ``attribute`` from the element ``locator``.</doc>
<msg timestamp="20210401 19:07:31.223" level="INFO">${buttonDisabled} = true</msg>
<status status="PASS" starttime="20210401 19:07:31.214" endtime="20210401 19:07:31.223"/>
</kw>
<kw name="Log" library="BuiltIn">
<arg>${buttonDisabled}</arg>
<doc>Logs the given message with the given level.</doc>
<msg timestamp="20210401 19:07:31.224" level="INFO">true</msg>
<status status="PASS" starttime="20210401 19:07:31.223" endtime="20210401 19:07:31.224"/>
</kw>
<kw name="Should Be Equal" library="BuiltIn">
<arg>${buttonDisabled}</arg>
<arg>true</arg>
<doc>Fails if the given objects are unequal.</doc>
<status status="PASS" starttime="20210401 19:07:31.224" endtime="20210401 19:07:31.224"/>
</kw>
<status status="PASS" starttime="20210401 19:07:31.196" endtime="20210401 19:07:31.224"/>
</kw>
<status status="PASS" starttime="20210401 19:07:31.196" endtime="20210401 19:07:31.224"/>
</kw>
<status status="PASS" starttime="20210401 19:07:31.196" endtime="20210401 19:07:31.225"/>
</kw>
<status status="PASS" starttime="20210401 19:07:30.760" endtime="20210401 19:07:31.225"/>
</kw>
<kw name="Finish Session" library="hooks" type="TEARDOWN">
<kw name="Capture Page Screenshot" library="SeleniumLibrary">
<doc>Takes a screenshot of the current page and embeds it into a log file.</doc>
<msg timestamp="20210401 19:07:31.545" level="INFO" html="true">&lt;/td&gt;&lt;/tr&gt;&lt;tr&gt;&lt;td colspan="3"&gt;&lt;a href="selenium-screenshot-105.png"&gt;&lt;img src="selenium-screenshot-105.png" width="800px"&gt;&lt;/a&gt;</msg>
<status status="PASS" starttime="20210401 19:07:31.226" endtime="20210401 19:07:31.546"/>
</kw>
<kw name="Close Browser" library="SeleniumLibrary">
<doc>Closes the current browser.</doc>
<status status="PASS" starttime="20210401 19:07:31.546" endtime="20210401 19:07:33.659"/>
</kw>
<status status="PASS" starttime="20210401 19:07:31.225" endtime="20210401 19:07:33.659"/>
</kw>
<tag>invalid</tag>
<status status="PASS" starttime="20210401 19:07:12.968" endtime="20210401 19:07:33.660"/>
</test>
<doc>Simular seguro com informações validas</doc>
<status status="PASS" starttime="20210401 19:06:25.094" endtime="20210401 19:07:33.662"/>
</suite>
<statistics>
<total>
<stat pass="3" fail="0" skip="0">All Tests</stat>
</total>
<tag>
<stat pass="3" fail="0" skip="0">invalid</stat>
</tag>
<suite>
<stat pass="3" fail="0" skip="0" id="s1" name="Simular Seguro Invalido">Simular Seguro Invalido</stat>
</suite>
</statistics>
<errors>
</errors>
</robot>
