<?xml version="1.0" encoding="UTF-8"?>
<robot generator="Robot 4.0 (Python 3.9.1 on win32)" generated="20210402 00:21:41.268" rpa="false" schemaversion="2">
<suite id="s1" name="Tests" source="C:\projetoAltan\tests">
<suite id="s1-s1" name="Simular Seguro" source="C:\projetoAltan\tests\simular_seguro.robot">
<test id="s1-s1-t1" name="Simular seguro">
<kw name="Go to Simulador" library="hooks" type="SETUP">
<kw name="Start Session" library="hooks">
<kw name="Open Browser" library="SeleniumLibrary">
<arg>about:blank</arg>
<arg>${BROWSER}</arg>
<doc>Opens a new browser instance to the optional ``url``.</doc>
<msg timestamp="20210402 00:21:41.447" level="INFO">Opening browser 'chrome' to base url 'about:blank'.</msg>
<status status="PASS" starttime="20210402 00:21:41.446" endtime="20210402 00:21:42.617"/>
</kw>
<kw name="Set Window Size" library="SeleniumLibrary">
<arg>${BROWSER_WIDTH}</arg>
<arg>${BROWSER_HEIGHT}</arg>
<doc>Sets current windows size to given ``width`` and ``height``.</doc>
<status status="PASS" starttime="20210402 00:21:42.617" endtime="20210402 00:21:42.726"/>
</kw>
<status status="PASS" starttime="20210402 00:21:41.446" endtime="20210402 00:21:42.726"/>
</kw>
<kw name="Go To" library="SeleniumLibrary">
<arg>${BASE_URL}${SIMULATOR_URL}</arg>
<doc>Navigates the current browser window to the provided ``url``.</doc>
<msg timestamp="20210402 00:21:42.726" level="INFO">Opening url 'https://www.fidelidade.pt/PT/particulares/Auto/Simuladores/Automovel/Paginas/default.aspx'</msg>
<status status="PASS" starttime="20210402 00:21:42.726" endtime="20210402 00:22:00.569"/>
</kw>
<status status="PASS" starttime="20210402 00:21:41.446" endtime="20210402 00:22:00.569"/>
</kw>
<kw name="Simular seguro" library="simuladoresPage">
<arg>05-DE-82</arg>
<kw name="Dado que acesso a pagina de Simulaçao de seguro" library="simuladoresPage">
<kw name="Title Should Be" library="SeleniumLibrary">
<arg>${page_titles}</arg>
<doc>Verifies that the current page title equals ``title``.</doc>
<msg timestamp="20210402 00:22:00.588" level="INFO">Page title is 'Simulador Seguro Automóvel | Fidelidade'.</msg>
<status status="PASS" starttime="20210402 00:22:00.570" endtime="20210402 00:22:00.588"/>
</kw>
<kw name="Wait for dialog" library="simuladoresPage">
<kw name="Wait Until Element Is Not Visible" library="SeleniumLibrary">
<arg>${loading_dialog}</arg>
<arg>${LONGTIMEOUT}</arg>
<doc>Waits until the element ``locator`` is not visible.</doc>
<status status="PASS" starttime="20210402 00:22:00.589" endtime="20210402 00:22:01.673"/>
</kw>
<status status="PASS" starttime="20210402 00:22:00.589" endtime="20210402 00:22:01.674"/>
</kw>
<kw name="Switch to iframe" library="base">
<kw name="Select Frame" library="SeleniumLibrary">
<arg>${FRAME}</arg>
<doc>Sets frame identified by ``locator`` as the current frame.</doc>
<msg timestamp="20210402 00:22:01.674" level="INFO">Selecting frame 'css:iframe#Simulator'.</msg>
<status status="PASS" starttime="20210402 00:22:01.674" endtime="20210402 00:22:01.697"/>
</kw>
<status status="PASS" starttime="20210402 00:22:01.674" endtime="20210402 00:22:01.697"/>
</kw>
<status status="PASS" starttime="20210402 00:22:00.570" endtime="20210402 00:22:01.697"/>
</kw>
<kw name="E tenho a informacao do seguro:" library="simuladoresPage">
<arg>${data}</arg>
<kw name="Set Test Variable" library="BuiltIn">
<arg>${data_simulate}</arg>
<doc>Makes a variable available everywhere within the scope of the current test.</doc>
<msg timestamp="20210402 00:22:01.698" level="INFO">${data_simulate} = 05-DE-82</msg>
<status status="PASS" starttime="20210402 00:22:01.698" endtime="20210402 00:22:01.698"/>
</kw>
<status status="PASS" starttime="20210402 00:22:01.697" endtime="20210402 00:22:01.698"/>
</kw>
<kw name="Quando submeto a informacao do seguro" library="simuladoresPage">
<kw name="Quando preencho as informaçoes" library="simuladoresPage">
<kw name="Wait Until Element Is Visible" library="SeleniumLibrary">
<arg>${license_text}</arg>
<arg>${LONGTIMEOUT}</arg>
<doc>Waits until the element ``locator`` is visible.</doc>
<status status="PASS" starttime="20210402 00:22:01.699" endtime="20210402 00:22:01.716"/>
</kw>
<kw name="Input Text" library="SeleniumLibrary">
<arg>${license_text}</arg>
<arg>${data_simulate}</arg>
<doc>Types the given ``text`` into the text field identified by ``locator``.</doc>
<msg timestamp="20210402 00:22:01.716" level="INFO">Typing text '05-DE-82' into text field 'xpath://div[@class="LicenseContainer OSInline"]//input'.</msg>
<status status="PASS" starttime="20210402 00:22:01.716" endtime="20210402 00:22:01.788"/>
</kw>
<kw name="Press Keys" library="SeleniumLibrary">
<arg>${simulate_button}</arg>
<arg>Tab</arg>
<doc>Simulates the user pressing key(s) to an element or on the active browser.</doc>
<msg timestamp="20210402 00:22:01.788" level="INFO">Sending key(s) ('Tab',) to css:input[class*=NextButton] element.</msg>
<msg timestamp="20210402 00:22:02.086" level="INFO">Sending keys Tab</msg>
<status status="PASS" starttime="20210402 00:22:01.788" endtime="20210402 00:22:02.092"/>
</kw>
<kw name="Wait for loading icon to disappears" library="simuladoresPage">
<kw name="Wait Until Element Is Not Visible" library="SeleniumLibrary">
<arg>${loading_icon}</arg>
<doc>Waits until the element ``locator`` is not visible.</doc>
<status status="PASS" starttime="20210402 00:22:02.092" endtime="20210402 00:22:02.100"/>
</kw>
<status status="PASS" starttime="20210402 00:22:02.092" endtime="20210402 00:22:02.100"/>
</kw>
<status status="PASS" starttime="20210402 00:22:01.698" endtime="20210402 00:22:02.100"/>
</kw>
<kw name="Wait Until Element Is Enabled" library="SeleniumLibrary">
<arg>${simulate_button}</arg>
<arg>${LONGTIMEOUT}</arg>
<doc>Waits until the element ``locator`` is enabled.</doc>
<kw name="Capture Page Screenshot" library="SeleniumLibrary">
<doc>Takes a screenshot of the current page and embeds it into a log file.</doc>
<msg timestamp="20210402 00:23:02.444" level="INFO" html="true">&lt;/td&gt;&lt;/tr&gt;&lt;tr&gt;&lt;td colspan="3"&gt;&lt;a href="selenium-screenshot-144.png"&gt;&lt;img src="selenium-screenshot-144.png" width="800px"&gt;&lt;/a&gt;</msg>
<status status="PASS" starttime="20210402 00:23:02.148" endtime="20210402 00:23:02.444"/>
</kw>
<msg timestamp="20210402 00:23:02.445" level="FAIL">Element with locator 'css:input[class*=NextButton]' not found.</msg>
<status status="FAIL" starttime="20210402 00:22:02.101" endtime="20210402 00:23:02.445"/>
</kw>
<kw name="Click Element" library="SeleniumLibrary">
<arg>${simulate_button}</arg>
<doc>Click the element identified by ``locator``.</doc>
<status status="NOT RUN" starttime="20210402 00:23:02.446" endtime="20210402 00:23:02.446"/>
</kw>
<status status="FAIL" starttime="20210402 00:22:01.698" endtime="20210402 00:23:02.446"/>
</kw>
<kw name="Entao devo o resultado da pré-simulação" library="simuladoresPage">
<status status="NOT RUN" starttime="20210402 00:23:02.446" endtime="20210402 00:23:02.446"/>
</kw>
<status status="FAIL" starttime="20210402 00:22:00.570" endtime="20210402 00:23:02.446"/>
</kw>
<kw name="Finish Session" library="hooks" type="TEARDOWN">
<kw name="Capture Page Screenshot" library="SeleniumLibrary">
<doc>Takes a screenshot of the current page and embeds it into a log file.</doc>
<msg timestamp="20210402 00:23:02.727" level="INFO" html="true">&lt;/td&gt;&lt;/tr&gt;&lt;tr&gt;&lt;td colspan="3"&gt;&lt;a href="selenium-screenshot-145.png"&gt;&lt;img src="selenium-screenshot-145.png" width="800px"&gt;&lt;/a&gt;</msg>
<status status="PASS" starttime="20210402 00:23:02.447" endtime="20210402 00:23:02.727"/>
</kw>
<kw name="Close Browser" library="SeleniumLibrary">
<doc>Closes the current browser.</doc>
<status status="PASS" starttime="20210402 00:23:02.727" endtime="20210402 00:23:04.836"/>
</kw>
<status status="PASS" starttime="20210402 00:23:02.447" endtime="20210402 00:23:04.836"/>
</kw>
<tag>smoke</tag>
<status status="FAIL" starttime="20210402 00:21:41.445" endtime="20210402 00:23:04.836">Element with locator 'css:input[class*=NextButton]' not found.</status>
</test>
<doc>Simular seguro com informações validas</doc>
<status status="FAIL" starttime="20210402 00:21:41.289" endtime="20210402 00:23:04.838"/>
</suite>
<status status="FAIL" starttime="20210402 00:21:41.269" endtime="20210402 00:23:04.840"/>
</suite>
<statistics>
<total>
<stat pass="0" fail="1" skip="0">All Tests</stat>
</total>
<tag>
<stat pass="0" fail="1" skip="0">smoke</stat>
</tag>
<suite>
<stat pass="0" fail="1" skip="0" id="s1" name="Tests">Tests</stat>
<stat pass="0" fail="1" skip="0" id="s1-s1" name="Simular Seguro">Tests.Simular Seguro</stat>
</suite>
</statistics>
<errors>
</errors>
</robot>
