<?xml version="1.0" encoding="UTF-8"?>
<robot generator="Robot 4.0 (Python 3.9.1 on win32)" generated="20210401 17:02:01.097" rpa="false" schemaversion="2">
<suite id="s1" name="Simular Seguro" source="C:\projetoAltan\tests\simular_seguro.robot">
<test id="s1-t1" name="Simular seguro">
<kw name="Go to Simulador" library="hooks" type="SETUP">
<kw name="Start Session" library="hooks">
<kw name="Open Browser" library="SeleniumLibrary">
<arg>about:blank</arg>
<arg>${BROWSER}</arg>
<doc>Opens a new browser instance to the optional ``url``.</doc>
<msg timestamp="20210401 17:02:01.275" level="INFO">Opening browser 'chrome' to base url 'about:blank'.</msg>
<status status="PASS" starttime="20210401 17:02:01.275" endtime="20210401 17:02:02.362"/>
</kw>
<kw name="Set Window Size" library="SeleniumLibrary">
<arg>${BROWSER_WIDTH}</arg>
<arg>${BROWSER_HEIGHT}</arg>
<doc>Sets current windows size to given ``width`` and ``height``.</doc>
<status status="PASS" starttime="20210401 17:02:02.362" endtime="20210401 17:02:02.471"/>
</kw>
<status status="PASS" starttime="20210401 17:02:01.275" endtime="20210401 17:02:02.471"/>
</kw>
<kw name="Go To" library="SeleniumLibrary">
<arg>${BASE_URL}</arg>
<doc>Navigates the current browser window to the provided ``url``.</doc>
<msg timestamp="20210401 17:02:02.471" level="INFO">Opening url 'https://www.fidelidade.pt/PT/particulares/Auto/Simuladores/Automovel/Paginas/default.aspx'</msg>
<status status="PASS" starttime="20210401 17:02:02.471" endtime="20210401 17:02:14.974"/>
</kw>
<status status="PASS" starttime="20210401 17:02:01.275" endtime="20210401 17:02:14.974"/>
</kw>
<kw name="Dado que acesso a pagina de Simulaçao de seguro" library="simuladoresPage">
<kw name="Wait for dialog" library="simuladoresPage">
<kw name="Wait Until Element Is Not Visible" library="SeleniumLibrary">
<arg>${loading_dialog}</arg>
<arg>${LONGTIMEOUT}</arg>
<doc>Waits until the element ``locator`` is not visible.</doc>
<status status="PASS" starttime="20210401 17:02:14.975" endtime="20210401 17:02:14.987"/>
</kw>
<status status="PASS" starttime="20210401 17:02:14.975" endtime="20210401 17:02:14.987"/>
</kw>
<status status="PASS" starttime="20210401 17:02:14.975" endtime="20210401 17:02:14.988"/>
</kw>
<kw name="E tenho a informacao do seguro:" library="simuladoresPage">
<arg>05-DE-82</arg>
<kw name="Set Test Variable" library="BuiltIn">
<arg>${data_simulate}</arg>
<doc>Makes a variable available everywhere within the scope of the current test.</doc>
<msg timestamp="20210401 17:02:14.989" level="INFO">${data_simulate} = 05-DE-82</msg>
<status status="PASS" starttime="20210401 17:02:14.988" endtime="20210401 17:02:14.989"/>
</kw>
<status status="PASS" starttime="20210401 17:02:14.988" endtime="20210401 17:02:14.989"/>
</kw>
<kw name="Quando submeto a informacao do seguro" library="simuladoresPage">
<kw name="Switch to iframe" library="base">
<kw name="Select Frame" library="SeleniumLibrary">
<arg>${FRAME}</arg>
<doc>Sets frame identified by ``locator`` as the current frame.</doc>
<msg timestamp="20210401 17:02:14.991" level="INFO">Selecting frame 'css:iframe#Simulator'.</msg>
<status status="PASS" starttime="20210401 17:02:14.990" endtime="20210401 17:02:15.021"/>
</kw>
<status status="PASS" starttime="20210401 17:02:14.990" endtime="20210401 17:02:15.021"/>
</kw>
<kw name="Wait Until Element Is Visible" library="SeleniumLibrary">
<arg>${license_text}</arg>
<arg>${LONGTIMEOUT}</arg>
<doc>Waits until the element ``locator`` is visible.</doc>
<status status="PASS" starttime="20210401 17:02:15.021" endtime="20210401 17:02:15.041"/>
</kw>
<kw name="Input Text" library="SeleniumLibrary">
<arg>${license_text}</arg>
<arg>${data_simulate}</arg>
<doc>Types the given ``text`` into the text field identified by ``locator``.</doc>
<msg timestamp="20210401 17:02:15.042" level="INFO">Typing text '05-DE-82' into text field 'xpath://div[@class="LicenseContainer OSInline"]//input'.</msg>
<status status="PASS" starttime="20210401 17:02:15.041" endtime="20210401 17:02:15.119"/>
</kw>
<kw name="Press Keys" library="SeleniumLibrary">
<arg>${simulate_button}</arg>
<arg>Tab</arg>
<doc>Simulates the user pressing key(s) to an element or on the active browser.</doc>
<msg timestamp="20210401 17:02:15.120" level="INFO">Sending key(s) ('Tab',) to css:input[class*=NextButton] element.</msg>
<msg timestamp="20210401 17:02:15.425" level="INFO">Sending keys Tab</msg>
<status status="PASS" starttime="20210401 17:02:15.119" endtime="20210401 17:02:15.432"/>
</kw>
<kw name="Wait for loading icon to disappears" library="simuladoresPage">
<kw name="Wait Until Element Is Not Visible" library="SeleniumLibrary">
<arg>${loading_icon}</arg>
<doc>Waits until the element ``locator`` is not visible.</doc>
<status status="PASS" starttime="20210401 17:02:15.433" endtime="20210401 17:02:15.441"/>
</kw>
<status status="PASS" starttime="20210401 17:02:15.433" endtime="20210401 17:02:15.441"/>
</kw>
<kw name="Wait Until Element Is Enabled" library="SeleniumLibrary">
<arg>${simulate_button}</arg>
<arg>${LONGTIMEOUT}</arg>
<doc>Waits until the element ``locator`` is enabled.</doc>
<kw name="Capture Page Screenshot" library="SeleniumLibrary">
<doc>Takes a screenshot of the current page and embeds it into a log file.</doc>
<msg timestamp="20210401 17:04:15.922" level="INFO" html="true">&lt;/td&gt;&lt;/tr&gt;&lt;tr&gt;&lt;td colspan="3"&gt;&lt;a href="selenium-screenshot-57.png"&gt;&lt;img src="selenium-screenshot-57.png" width="800px"&gt;&lt;/a&gt;</msg>
<status status="PASS" starttime="20210401 17:04:15.615" endtime="20210401 17:04:15.922"/>
</kw>
<msg timestamp="20210401 17:04:15.923" level="FAIL">Element with locator 'css:input[class*=NextButton]' not found.</msg>
<status status="FAIL" starttime="20210401 17:02:15.442" endtime="20210401 17:04:15.923"/>
</kw>
<kw name="Click Element" library="SeleniumLibrary">
<arg>${simulate_button}</arg>
<doc>Click the element identified by ``locator``.</doc>
<status status="NOT RUN" starttime="20210401 17:04:15.923" endtime="20210401 17:04:15.923"/>
</kw>
<status status="FAIL" starttime="20210401 17:02:14.989" endtime="20210401 17:04:15.923"/>
</kw>
<kw name="Entao devo o resultado da pré-simulação" library="simuladoresPage">
<status status="NOT RUN" starttime="20210401 17:04:15.924" endtime="20210401 17:04:15.924"/>
</kw>
<kw name="Finish Session" library="hooks" type="TEARDOWN">
<kw name="Capture Page Screenshot" library="SeleniumLibrary">
<doc>Takes a screenshot of the current page and embeds it into a log file.</doc>
<msg timestamp="20210401 17:04:16.200" level="INFO" html="true">&lt;/td&gt;&lt;/tr&gt;&lt;tr&gt;&lt;td colspan="3"&gt;&lt;a href="selenium-screenshot-58.png"&gt;&lt;img src="selenium-screenshot-58.png" width="800px"&gt;&lt;/a&gt;</msg>
<status status="PASS" starttime="20210401 17:04:15.925" endtime="20210401 17:04:16.200"/>
</kw>
<kw name="Close Browser" library="SeleniumLibrary">
<doc>Closes the current browser.</doc>
<status status="PASS" starttime="20210401 17:04:16.200" endtime="20210401 17:04:18.296"/>
</kw>
<status status="PASS" starttime="20210401 17:04:15.924" endtime="20210401 17:04:18.296"/>
</kw>
<status status="FAIL" starttime="20210401 17:02:01.274" endtime="20210401 17:04:18.297">Element with locator 'css:input[class*=NextButton]' not found.</status>
</test>
<doc>Simular seguro</doc>
<status status="FAIL" starttime="20210401 17:02:01.098" endtime="20210401 17:04:18.299"/>
</suite>
<statistics>
<total>
<stat pass="0" fail="1" skip="0">All Tests</stat>
</total>
<tag>
</tag>
<suite>
<stat pass="0" fail="1" skip="0" id="s1" name="Simular Seguro">Simular Seguro</stat>
</suite>
</statistics>
<errors>
</errors>
</robot>
